#-----------------------------------------------------------
# Vivado v2020.1 (64-bit)
# SW Build 2902540 on Wed May 27 19:54:49 MDT 2020
# IP Build 2902112 on Wed May 27 22:43:36 MDT 2020
# Start of session at: Fri Nov  4 12:47:18 2022
# Process ID: 15552
# Current directory: C:/Users/kools/OneDrive/Documents/GitHub/Digital_Logic_Design_ECE316/Lab_5/Lab5.2
# Command line: vivado.exe -gui_launcher_event rodinguilauncherevent8996 C:\Users\kools\OneDrive\Documents\GitHub\Digital_Logic_Design_ECE316\Lab_5\Lab5.2\Lab_5.xpr
# Log file: C:/Users/kools/OneDrive/Documents/GitHub/Digital_Logic_Design_ECE316/Lab_5/Lab5.2/vivado.log
# Journal file: C:/Users/kools/OneDrive/Documents/GitHub/Digital_Logic_Design_ECE316/Lab_5/Lab5.2\vivado.jou
#-----------------------------------------------------------
start_gui
open_project C:/Users/kools/OneDrive/Documents/GitHub/Digital_Logic_Design_ECE316/Lab_5/Lab5.2/Lab_5.xpr
INFO: [ProjectBase 1-489] The host OS only allows 260 characters in a normal path. The project is stored in a path with more than 80 characters. If you experience issues with IP, Block Designs, or files not being found, please consider moving the project to a location with a shorter path. Alternately consider using the OS subst command to map part of the path to a drive letter.
Current project path is 'C:/Users/kools/OneDrive/Documents/GitHub/Digital_Logic_Design_ECE316/Lab_5/Lab5.2'
INFO: [Project 1-313] Project file moved from 'C:/Users/kools/Lab_5' since last save.
Scanning sources...
Finished scanning sources
INFO: [IP_Flow 19-234] Refreshing IP repositories
INFO: [IP_Flow 19-1704] No user IP repositories specified
INFO: [IP_Flow 19-2313] Loaded Vivado IP repository 'C:/Xilinx/Vivado/2020.1/data/ip'.
update_compile_order -fileset sources_1
exit
INFO: [Common 17-206] Exiting Vivado at Fri Nov  4 12:55:50 2022...
